<?xml version="1.0" encoding="UTF-8"?>
<!-- Generated by org.testng.reporters.JUnitReportReporter -->
<testsuite hostname="LAPTOP-BP4NP67Q" failures="0" tests="9" name="testNGprogram.CrossBrowser" time="46.251" errors="0" timestamp="2022-11-29T19:10:37 IST" skipped="0">
  <testcase classname="testNGprogram.CrossBrowser" name="browser1" time="11.618"/>
  <system-out/>
  <testcase classname="testNGprogram.CrossBrowser" name="method4" time="2.441"/>
  <system-out/>
  <testcase classname="testNGprogram.CrossBrowser" name="method3" time="0.373"/>
  <system-out/>
  <testcase classname="testNGprogram.CrossBrowser" name="method4" time="2.454"/>
  <system-out/>
  <testcase classname="testNGprogram.CrossBrowser" name="method3" time="0.366"/>
  <system-out/>
  <testcase classname="testNGprogram.CrossBrowser" name="method4" time="2.613"/>
  <system-out/>
  <testcase classname="testNGprogram.CrossBrowser" name="browser1" time="14.306"/>
  <system-out/>
  <testcase classname="testNGprogram.CrossBrowser" name="browser1" time="11.734"/>
  <system-out/>
  <testcase classname="testNGprogram.CrossBrowser" name="method3" time="0.346"/>
  <system-out/>
</testsuite> <!-- testNGprogram.CrossBrowser -->
