<?xml version="1.0" encoding="UTF-8"?>
<!-- Generated by org.testng.reporters.JUnitReportReporter -->
<testsuite hostname="LAPTOP-BP4NP67Q" failures="0" tests="1" name="facebookDemo.GoogleAuto" time="8.739" errors="0" timestamp="2022-12-05T17:02:10 IST" skipped="0">
  <testcase classname="facebookDemo.GoogleAuto" name="google" time="8.739"/>
  <system-out/>
</testsuite> <!-- facebookDemo.GoogleAuto -->
