<?xml version="1.0" encoding="UTF-8"?>
<!-- Generated by org.testng.reporters.JUnitReportReporter -->
<testsuite hostname="LAPTOP-BP4NP67Q" failures="0" tests="1" name="facebookDemo.DateCalender1" time="7.744" errors="0" timestamp="2022-12-05T17:26:05 IST" skipped="0">
  <testcase classname="facebookDemo.DateCalender1" name="google" time="7.744"/>
  <system-out/>
</testsuite> <!-- facebookDemo.DateCalender1 -->
