<?xml version="1.0" encoding="UTF-8"?>
<!-- Generated by org.testng.reporters.JUnitReportReporter -->
<testsuite hostname="LAPTOP-BP4NP67Q" failures="0" tests="1" name="automationDemoSite.DropDown" time="20.300" errors="0" timestamp="2022-11-30T15:03:08 IST" skipped="0">
  <testcase classname="automationDemoSite.DropDown" name="mainn" time="20.300"/>
  <system-out/>
</testsuite> <!-- automationDemoSite.DropDown -->
