<?xml version="1.0" encoding="UTF-8"?>
<!-- Generated by org.testng.reporters.JUnitReportReporter -->
<testsuite hostname="LAPTOP-BP4NP67Q" failures="0" tests="9" name="testNGprogram.GroupDemo" time="0.027" errors="0" timestamp="2022-11-28T17:05:46 IST" skipped="0">
  <testcase classname="testNGprogram.GroupDemo" name="m5" time="0.001"/>
  <system-out/>
  <testcase classname="testNGprogram.GroupDemo" name="m4" time="0.001"/>
  <system-out/>
  <testcase classname="testNGprogram.GroupDemo" name="m1" time="0.011"/>
  <system-out/>
  <testcase classname="testNGprogram.GroupDemo" name="m7" time="0.004"/>
  <system-out/>
  <testcase classname="testNGprogram.GroupDemo" name="m2" time="0.003"/>
  <system-out/>
  <testcase classname="testNGprogram.GroupDemo" name="m3" time="0.004"/>
  <system-out/>
  <testcase classname="testNGprogram.GroupDemo" name="m6" time="0.001"/>
  <system-out/>
  <testcase classname="testNGprogram.GroupDemo" name="m9" time="0.001"/>
  <system-out/>
  <testcase classname="testNGprogram.GroupDemo" name="m8" time="0.001"/>
  <system-out/>
</testsuite> <!-- testNGprogram.GroupDemo -->
