<?xml version="1.0" encoding="UTF-8"?>
<!-- Generated by org.testng.reporters.JUnitReportReporter -->
<testsuite hostname="LAPTOP-BP4NP67Q" failures="0" tests="1" name="testNGprogram.POMDemoMain" time="3.314" errors="0" timestamp="2022-11-28T12:56:57 IST" skipped="0">
  <testcase classname="testNGprogram.POMDemoMain" name="main1" time="3.314"/>
  <system-out/>
</testsuite> <!-- testNGprogram.POMDemoMain -->
