<?xml version="1.0" encoding="UTF-8"?>
<!-- Generated by org.testng.reporters.JUnitReportReporter -->
<testsuite hostname="LAPTOP-BP4NP67Q" failures="0" tests="1" name="testNGprogram.ListenersImple" time="0.010" errors="0" timestamp="2022-11-22T19:48:48 IST" skipped="0">
  <testcase classname="testNGprogram.ListenersImple" name="main" time="0.010"/>
  <system-out/>
</testsuite> <!-- testNGprogram.ListenersImple -->
